2019-09-20 11:31 +00:00: /var/www/html/benefitAPI/services/v1/coins.service.js:39
2019-09-20 11:31 +00:00:       /*
2019-09-20 11:31 +00:00:       ^^
2019-09-20 11:31 +00:00: 
2019-09-20 11:31 +00:00: SyntaxError: Invalid or unexpected token
2019-09-20 11:31 +00:00:     at Module._compile (internal/modules/cjs/loader.js:723:23)
2019-09-20 11:31 +00:00:     at Object.Module._extensions..js (internal/modules/cjs/loader.js:789:10)
2019-09-20 11:31 +00:00:     at Module.load (internal/modules/cjs/loader.js:653:32)
2019-09-20 11:31 +00:00:     at tryModuleLoad (internal/modules/cjs/loader.js:593:12)
2019-09-20 11:31 +00:00:     at Function.Module._load (internal/modules/cjs/loader.js:585:3)
2019-09-20 11:31 +00:00:     at Module.require (internal/modules/cjs/loader.js:692:17)
2019-09-20 11:31 +00:00:     at Module.Hook._require.Module.require (/home/ubuntu/.nvm/versions/node/v10.16.3/lib/node_modules/pm2/node_modules/require-in-the-middle/index.js:70:39)
2019-09-20 11:31 +00:00:     at require (internal/modules/cjs/helpers.js:25:18)
2019-09-20 11:31 +00:00:     at Object.<anonymous> (/var/www/html/benefitAPI/services/v1/user.order.service.js:4:21)
2019-09-20 11:31 +00:00:     at Module._compile (internal/modules/cjs/loader.js:778:30)
2019-09-20 11:31 +00:00:     at Object.Module._extensions..js (internal/modules/cjs/loader.js:789:10)
2019-09-20 11:31 +00:00:     at Module.load (internal/modules/cjs/loader.js:653:32)
2019-09-20 11:31 +00:00:     at tryModuleLoad (internal/modules/cjs/loader.js:593:12)
2019-09-20 11:31 +00:00:     at Function.Module._load (internal/modules/cjs/loader.js:585:3)
2019-09-20 11:31 +00:00:     at Module.require (internal/modules/cjs/loader.js:692:17)
2019-09-20 11:31 +00:00:     at Module.Hook._require.Module.require (/home/ubuntu/.nvm/versions/node/v10.16.3/lib/node_modules/pm2/node_modules/require-in-the-middle/index.js:70:39)
2019-09-20 11:31 +00:00:     at require (internal/modules/cjs/helpers.js:25:18)
2019-09-20 11:31 +00:00:     at Object.<anonymous> (/var/www/html/benefitAPI/routes/controllers/user.order.controller.js:1:26)
2019-09-20 11:31 +00:00:     at Module._compile (internal/modules/cjs/loader.js:778:30)
2019-09-20 11:31 +00:00:     at Object.Module._extensions..js (internal/modules/cjs/loader.js:789:10)
2019-09-20 11:31 +00:00:     at Module.load (internal/modules/cjs/loader.js:653:32)
2019-09-20 11:31 +00:00:     at tryModuleLoad (internal/modules/cjs/loader.js:593:12)
2019-09-20 11:31 +00:00: /var/www/html/benefitAPI/services/v1/coins.service.js:39
2019-09-20 11:31 +00:00:       /*
2019-09-20 11:31 +00:00:       ^^
2019-09-20 11:31 +00:00: 
2019-09-20 11:31 +00:00: SyntaxError: Invalid or unexpected token
2019-09-20 11:31 +00:00:     at Module._compile (internal/modules/cjs/loader.js:723:23)
2019-09-20 11:31 +00:00:     at Object.Module._extensions..js (internal/modules/cjs/loader.js:789:10)
2019-09-20 11:31 +00:00:     at Module.load (internal/modules/cjs/loader.js:653:32)
2019-09-20 11:31 +00:00:     at tryModuleLoad (internal/modules/cjs/loader.js:593:12)
2019-09-20 11:31 +00:00:     at Function.Module._load (internal/modules/cjs/loader.js:585:3)
2019-09-20 11:31 +00:00:     at Module.require (internal/modules/cjs/loader.js:692:17)
2019-09-20 11:31 +00:00:     at Module.Hook._require.Module.require (/home/ubuntu/.nvm/versions/node/v10.16.3/lib/node_modules/pm2/node_modules/require-in-the-middle/index.js:70:39)
2019-09-20 11:31 +00:00:     at require (internal/modules/cjs/helpers.js:25:18)
2019-09-20 11:31 +00:00:     at Object.<anonymous> (/var/www/html/benefitAPI/services/v1/user.order.service.js:4:21)
2019-09-20 11:31 +00:00:     at Module._compile (internal/modules/cjs/loader.js:778:30)
2019-09-20 11:31 +00:00:     at Object.Module._extensions..js (internal/modules/cjs/loader.js:789:10)
2019-09-20 11:31 +00:00:     at Module.load (internal/modules/cjs/loader.js:653:32)
2019-09-20 11:31 +00:00:     at tryModuleLoad (internal/modules/cjs/loader.js:593:12)
2019-09-20 11:31 +00:00:     at Function.Module._load (internal/modules/cjs/loader.js:585:3)
2019-09-20 11:31 +00:00:     at Module.require (internal/modules/cjs/loader.js:692:17)
2019-09-20 11:31 +00:00:     at Module.Hook._require.Module.require (/home/ubuntu/.nvm/versions/node/v10.16.3/lib/node_modules/pm2/node_modules/require-in-the-middle/index.js:70:39)
2019-09-20 11:31 +00:00:     at require (internal/modules/cjs/helpers.js:25:18)
2019-09-20 11:31 +00:00:     at Object.<anonymous> (/var/www/html/benefitAPI/routes/controllers/user.order.controller.js:1:26)
2019-09-20 11:31 +00:00:     at Module._compile (internal/modules/cjs/loader.js:778:30)
2019-09-20 11:31 +00:00:     at Object.Module._extensions..js (internal/modules/cjs/loader.js:789:10)
2019-09-20 11:31 +00:00:     at Module.load (internal/modules/cjs/loader.js:653:32)
2019-09-20 11:31 +00:00:     at tryModuleLoad (internal/modules/cjs/loader.js:593:12)
2019-09-20 11:31 +00:00: /var/www/html/benefitAPI/services/v1/coins.service.js:39
2019-09-20 11:31 +00:00:       /*
2019-09-20 11:31 +00:00:       ^^
2019-09-20 11:31 +00:00: 
2019-09-20 11:31 +00:00: SyntaxError: Invalid or unexpected token
2019-09-20 11:31 +00:00:     at Module._compile (internal/modules/cjs/loader.js:723:23)
2019-09-20 11:31 +00:00:     at Object.Module._extensions..js (internal/modules/cjs/loader.js:789:10)
2019-09-20 11:31 +00:00:     at Module.load (internal/modules/cjs/loader.js:653:32)
2019-09-20 11:31 +00:00:     at tryModuleLoad (internal/modules/cjs/loader.js:593:12)
2019-09-20 11:31 +00:00:     at Function.Module._load (internal/modules/cjs/loader.js:585:3)
2019-09-20 11:31 +00:00:     at Module.require (internal/modules/cjs/loader.js:692:17)
2019-09-20 11:31 +00:00:     at Module.Hook._require.Module.require (/home/ubuntu/.nvm/versions/node/v10.16.3/lib/node_modules/pm2/node_modules/require-in-the-middle/index.js:70:39)
2019-09-20 11:31 +00:00:     at require (internal/modules/cjs/helpers.js:25:18)
2019-09-20 11:31 +00:00:     at Object.<anonymous> (/var/www/html/benefitAPI/services/v1/user.order.service.js:4:21)
2019-09-20 11:31 +00:00:     at Module._compile (internal/modules/cjs/loader.js:778:30)
2019-09-20 11:31 +00:00:     at Object.Module._extensions..js (internal/modules/cjs/loader.js:789:10)
2019-09-20 11:31 +00:00:     at Module.load (internal/modules/cjs/loader.js:653:32)
2019-09-20 11:31 +00:00:     at tryModuleLoad (internal/modules/cjs/loader.js:593:12)
2019-09-20 11:31 +00:00:     at Function.Module._load (internal/modules/cjs/loader.js:585:3)
2019-09-20 11:31 +00:00:     at Module.require (internal/modules/cjs/loader.js:692:17)
2019-09-20 11:31 +00:00:     at Module.Hook._require.Module.require (/home/ubuntu/.nvm/versions/node/v10.16.3/lib/node_modules/pm2/node_modules/require-in-the-middle/index.js:70:39)
2019-09-20 11:31 +00:00:     at require (internal/modules/cjs/helpers.js:25:18)
2019-09-20 11:31 +00:00:     at Object.<anonymous> (/var/www/html/benefitAPI/routes/controllers/user.order.controller.js:1:26)
2019-09-20 11:31 +00:00:     at Module._compile (internal/modules/cjs/loader.js:778:30)
2019-09-20 11:31 +00:00:     at Object.Module._extensions..js (internal/modules/cjs/loader.js:789:10)
2019-09-20 11:31 +00:00:     at Module.load (internal/modules/cjs/loader.js:653:32)
2019-09-20 11:31 +00:00:     at tryModuleLoad (internal/modules/cjs/loader.js:593:12)
2019-09-20 11:31 +00:00: /var/www/html/benefitAPI/services/v1/coins.service.js:39
2019-09-20 11:31 +00:00:       /*
2019-09-20 11:31 +00:00:       ^^
2019-09-20 11:31 +00:00: 
2019-09-20 11:31 +00:00: SyntaxError: Invalid or unexpected token
2019-09-20 11:31 +00:00:     at Module._compile (internal/modules/cjs/loader.js:723:23)
2019-09-20 11:31 +00:00:     at Object.Module._extensions..js (internal/modules/cjs/loader.js:789:10)
2019-09-20 11:31 +00:00:     at Module.load (internal/modules/cjs/loader.js:653:32)
2019-09-20 11:31 +00:00:     at tryModuleLoad (internal/modules/cjs/loader.js:593:12)
2019-09-20 11:31 +00:00:     at Function.Module._load (internal/modules/cjs/loader.js:585:3)
2019-09-20 11:31 +00:00:     at Module.require (internal/modules/cjs/loader.js:692:17)
2019-09-20 11:31 +00:00:     at Module.Hook._require.Module.require (/home/ubuntu/.nvm/versions/node/v10.16.3/lib/node_modules/pm2/node_modules/require-in-the-middle/index.js:70:39)
2019-09-20 11:31 +00:00:     at require (internal/modules/cjs/helpers.js:25:18)
2019-09-20 11:31 +00:00:     at Object.<anonymous> (/var/www/html/benefitAPI/services/v1/user.order.service.js:4:21)
2019-09-20 11:31 +00:00:     at Module._compile (internal/modules/cjs/loader.js:778:30)
2019-09-20 11:31 +00:00:     at Object.Module._extensions..js (internal/modules/cjs/loader.js:789:10)
2019-09-20 11:31 +00:00:     at Module.load (internal/modules/cjs/loader.js:653:32)
2019-09-20 11:31 +00:00:     at tryModuleLoad (internal/modules/cjs/loader.js:593:12)
2019-09-20 11:31 +00:00:     at Function.Module._load (internal/modules/cjs/loader.js:585:3)
2019-09-20 11:31 +00:00:     at Module.require (internal/modules/cjs/loader.js:692:17)
2019-09-20 11:31 +00:00:     at Module.Hook._require.Module.require (/home/ubuntu/.nvm/versions/node/v10.16.3/lib/node_modules/pm2/node_modules/require-in-the-middle/index.js:70:39)
2019-09-20 11:31 +00:00:     at require (internal/modules/cjs/helpers.js:25:18)
2019-09-20 11:31 +00:00:     at Object.<anonymous> (/var/www/html/benefitAPI/routes/controllers/user.order.controller.js:1:26)
2019-09-20 11:31 +00:00:     at Module._compile (internal/modules/cjs/loader.js:778:30)
2019-09-20 11:31 +00:00:     at Object.Module._extensions..js (internal/modules/cjs/loader.js:789:10)
2019-09-20 11:31 +00:00:     at Module.load (internal/modules/cjs/loader.js:653:32)
2019-09-20 11:31 +00:00:     at tryModuleLoad (internal/modules/cjs/loader.js:593:12)
2019-09-20 11:31 +00:00: /var/www/html/benefitAPI/services/v1/coins.service.js:39
2019-09-20 11:31 +00:00:       /*
2019-09-20 11:31 +00:00:       ^^
2019-09-20 11:31 +00:00: 
2019-09-20 11:31 +00:00: SyntaxError: Invalid or unexpected token
2019-09-20 11:31 +00:00:     at Module._compile (internal/modules/cjs/loader.js:723:23)
2019-09-20 11:31 +00:00:     at Object.Module._extensions..js (internal/modules/cjs/loader.js:789:10)
2019-09-20 11:31 +00:00:     at Module.load (internal/modules/cjs/loader.js:653:32)
2019-09-20 11:31 +00:00:     at tryModuleLoad (internal/modules/cjs/loader.js:593:12)
2019-09-20 11:31 +00:00:     at Function.Module._load (internal/modules/cjs/loader.js:585:3)
2019-09-20 11:31 +00:00:     at Module.require (internal/modules/cjs/loader.js:692:17)
2019-09-20 11:31 +00:00:     at Module.Hook._require.Module.require (/home/ubuntu/.nvm/versions/node/v10.16.3/lib/node_modules/pm2/node_modules/require-in-the-middle/index.js:70:39)
2019-09-20 11:31 +00:00:     at require (internal/modules/cjs/helpers.js:25:18)
2019-09-20 11:31 +00:00:     at Object.<anonymous> (/var/www/html/benefitAPI/services/v1/user.order.service.js:4:21)
2019-09-20 11:31 +00:00:     at Module._compile (internal/modules/cjs/loader.js:778:30)
2019-09-20 11:31 +00:00:     at Object.Module._extensions..js (internal/modules/cjs/loader.js:789:10)
2019-09-20 11:31 +00:00:     at Module.load (internal/modules/cjs/loader.js:653:32)
2019-09-20 11:31 +00:00:     at tryModuleLoad (internal/modules/cjs/loader.js:593:12)
2019-09-20 11:31 +00:00:     at Function.Module._load (internal/modules/cjs/loader.js:585:3)
2019-09-20 11:31 +00:00:     at Module.require (internal/modules/cjs/loader.js:692:17)
2019-09-20 11:31 +00:00:     at Module.Hook._require.Module.require (/home/ubuntu/.nvm/versions/node/v10.16.3/lib/node_modules/pm2/node_modules/require-in-the-middle/index.js:70:39)
2019-09-20 11:31 +00:00:     at require (internal/modules/cjs/helpers.js:25:18)
2019-09-20 11:31 +00:00:     at Object.<anonymous> (/var/www/html/benefitAPI/routes/controllers/user.order.controller.js:1:26)
2019-09-20 11:31 +00:00:     at Module._compile (internal/modules/cjs/loader.js:778:30)
2019-09-20 11:31 +00:00:     at Object.Module._extensions..js (internal/modules/cjs/loader.js:789:10)
2019-09-20 11:31 +00:00:     at Module.load (internal/modules/cjs/loader.js:653:32)
2019-09-20 11:31 +00:00:     at tryModuleLoad (internal/modules/cjs/loader.js:593:12)
2019-09-20 11:31 +00:00: /var/www/html/benefitAPI/services/v1/coins.service.js:39
2019-09-20 11:31 +00:00:       /*
2019-09-20 11:31 +00:00:       ^^
2019-09-20 11:31 +00:00: 
2019-09-20 11:31 +00:00: SyntaxError: Invalid or unexpected token
2019-09-20 11:31 +00:00:     at Module._compile (internal/modules/cjs/loader.js:723:23)
2019-09-20 11:31 +00:00:     at Object.Module._extensions..js (internal/modules/cjs/loader.js:789:10)
2019-09-20 11:31 +00:00:     at Module.load (internal/modules/cjs/loader.js:653:32)
2019-09-20 11:31 +00:00:     at tryModuleLoad (internal/modules/cjs/loader.js:593:12)
2019-09-20 11:31 +00:00:     at Function.Module._load (internal/modules/cjs/loader.js:585:3)
2019-09-20 11:31 +00:00:     at Module.require (internal/modules/cjs/loader.js:692:17)
2019-09-20 11:31 +00:00:     at Module.Hook._require.Module.require (/home/ubuntu/.nvm/versions/node/v10.16.3/lib/node_modules/pm2/node_modules/require-in-the-middle/index.js:70:39)
2019-09-20 11:31 +00:00:     at require (internal/modules/cjs/helpers.js:25:18)
2019-09-20 11:31 +00:00:     at Object.<anonymous> (/var/www/html/benefitAPI/services/v1/user.order.service.js:4:21)
2019-09-20 11:31 +00:00:     at Module._compile (internal/modules/cjs/loader.js:778:30)
2019-09-20 11:31 +00:00:     at Object.Module._extensions..js (internal/modules/cjs/loader.js:789:10)
2019-09-20 11:31 +00:00:     at Module.load (internal/modules/cjs/loader.js:653:32)
2019-09-20 11:31 +00:00:     at tryModuleLoad (internal/modules/cjs/loader.js:593:12)
2019-09-20 11:31 +00:00:     at Function.Module._load (internal/modules/cjs/loader.js:585:3)
2019-09-20 11:31 +00:00:     at Module.require (internal/modules/cjs/loader.js:692:17)
2019-09-20 11:31 +00:00:     at Module.Hook._require.Module.require (/home/ubuntu/.nvm/versions/node/v10.16.3/lib/node_modules/pm2/node_modules/require-in-the-middle/index.js:70:39)
2019-09-20 11:31 +00:00:     at require (internal/modules/cjs/helpers.js:25:18)
2019-09-20 11:31 +00:00:     at Object.<anonymous> (/var/www/html/benefitAPI/routes/controllers/user.order.controller.js:1:26)
2019-09-20 11:31 +00:00:     at Module._compile (internal/modules/cjs/loader.js:778:30)
2019-09-20 11:31 +00:00:     at Object.Module._extensions..js (internal/modules/cjs/loader.js:789:10)
2019-09-20 11:31 +00:00:     at Module.load (internal/modules/cjs/loader.js:653:32)
2019-09-20 11:31 +00:00:     at tryModuleLoad (internal/modules/cjs/loader.js:593:12)
2019-09-20 11:31 +00:00: /var/www/html/benefitAPI/services/v1/coins.service.js:39
2019-09-20 11:31 +00:00:       /*
2019-09-20 11:31 +00:00:       ^^
2019-09-20 11:31 +00:00: 
2019-09-20 11:31 +00:00: SyntaxError: Invalid or unexpected token
2019-09-20 11:31 +00:00:     at Module._compile (internal/modules/cjs/loader.js:723:23)
2019-09-20 11:31 +00:00:     at Object.Module._extensions..js (internal/modules/cjs/loader.js:789:10)
2019-09-20 11:31 +00:00:     at Module.load (internal/modules/cjs/loader.js:653:32)
2019-09-20 11:31 +00:00:     at tryModuleLoad (internal/modules/cjs/loader.js:593:12)
2019-09-20 11:31 +00:00:     at Function.Module._load (internal/modules/cjs/loader.js:585:3)
2019-09-20 11:31 +00:00:     at Module.require (internal/modules/cjs/loader.js:692:17)
2019-09-20 11:31 +00:00:     at Module.Hook._require.Module.require (/home/ubuntu/.nvm/versions/node/v10.16.3/lib/node_modules/pm2/node_modules/require-in-the-middle/index.js:70:39)
2019-09-20 11:31 +00:00:     at require (internal/modules/cjs/helpers.js:25:18)
2019-09-20 11:31 +00:00:     at Object.<anonymous> (/var/www/html/benefitAPI/services/v1/user.order.service.js:4:21)
2019-09-20 11:31 +00:00:     at Module._compile (internal/modules/cjs/loader.js:778:30)
2019-09-20 11:31 +00:00:     at Object.Module._extensions..js (internal/modules/cjs/loader.js:789:10)
2019-09-20 11:31 +00:00:     at Module.load (internal/modules/cjs/loader.js:653:32)
2019-09-20 11:31 +00:00:     at tryModuleLoad (internal/modules/cjs/loader.js:593:12)
2019-09-20 11:31 +00:00:     at Function.Module._load (internal/modules/cjs/loader.js:585:3)
2019-09-20 11:31 +00:00:     at Module.require (internal/modules/cjs/loader.js:692:17)
2019-09-20 11:31 +00:00:     at Module.Hook._require.Module.require (/home/ubuntu/.nvm/versions/node/v10.16.3/lib/node_modules/pm2/node_modules/require-in-the-middle/index.js:70:39)
2019-09-20 11:31 +00:00:     at require (internal/modules/cjs/helpers.js:25:18)
2019-09-20 11:31 +00:00:     at Object.<anonymous> (/var/www/html/benefitAPI/routes/controllers/user.order.controller.js:1:26)
2019-09-20 11:31 +00:00:     at Module._compile (internal/modules/cjs/loader.js:778:30)
2019-09-20 11:31 +00:00:     at Object.Module._extensions..js (internal/modules/cjs/loader.js:789:10)
2019-09-20 11:31 +00:00:     at Module.load (internal/modules/cjs/loader.js:653:32)
2019-09-20 11:31 +00:00:     at tryModuleLoad (internal/modules/cjs/loader.js:593:12)
2019-09-20 11:31 +00:00: /var/www/html/benefitAPI/services/v1/coins.service.js:39
2019-09-20 11:31 +00:00:       /*
2019-09-20 11:31 +00:00:       ^^
2019-09-20 11:31 +00:00: 
2019-09-20 11:31 +00:00: SyntaxError: Invalid or unexpected token
2019-09-20 11:31 +00:00:     at Module._compile (internal/modules/cjs/loader.js:723:23)
2019-09-20 11:31 +00:00:     at Object.Module._extensions..js (internal/modules/cjs/loader.js:789:10)
2019-09-20 11:31 +00:00:     at Module.load (internal/modules/cjs/loader.js:653:32)
2019-09-20 11:31 +00:00:     at tryModuleLoad (internal/modules/cjs/loader.js:593:12)
2019-09-20 11:31 +00:00:     at Function.Module._load (internal/modules/cjs/loader.js:585:3)
2019-09-20 11:31 +00:00:     at Module.require (internal/modules/cjs/loader.js:692:17)
2019-09-20 11:31 +00:00:     at Module.Hook._require.Module.require (/home/ubuntu/.nvm/versions/node/v10.16.3/lib/node_modules/pm2/node_modules/require-in-the-middle/index.js:70:39)
2019-09-20 11:31 +00:00:     at require (internal/modules/cjs/helpers.js:25:18)
2019-09-20 11:31 +00:00:     at Object.<anonymous> (/var/www/html/benefitAPI/services/v1/user.order.service.js:4:21)
2019-09-20 11:31 +00:00:     at Module._compile (internal/modules/cjs/loader.js:778:30)
2019-09-20 11:31 +00:00:     at Object.Module._extensions..js (internal/modules/cjs/loader.js:789:10)
2019-09-20 11:31 +00:00:     at Module.load (internal/modules/cjs/loader.js:653:32)
2019-09-20 11:31 +00:00:     at tryModuleLoad (internal/modules/cjs/loader.js:593:12)
2019-09-20 11:31 +00:00:     at Function.Module._load (internal/modules/cjs/loader.js:585:3)
2019-09-20 11:31 +00:00:     at Module.require (internal/modules/cjs/loader.js:692:17)
2019-09-20 11:31 +00:00:     at Module.Hook._require.Module.require (/home/ubuntu/.nvm/versions/node/v10.16.3/lib/node_modules/pm2/node_modules/require-in-the-middle/index.js:70:39)
2019-09-20 11:31 +00:00:     at require (internal/modules/cjs/helpers.js:25:18)
2019-09-20 11:31 +00:00:     at Object.<anonymous> (/var/www/html/benefitAPI/routes/controllers/user.order.controller.js:1:26)
2019-09-20 11:31 +00:00:     at Module._compile (internal/modules/cjs/loader.js:778:30)
2019-09-20 11:31 +00:00:     at Object.Module._extensions..js (internal/modules/cjs/loader.js:789:10)
2019-09-20 11:31 +00:00:     at Module.load (internal/modules/cjs/loader.js:653:32)
2019-09-20 11:31 +00:00:     at tryModuleLoad (internal/modules/cjs/loader.js:593:12)
2019-09-20 11:31 +00:00: /var/www/html/benefitAPI/services/v1/coins.service.js:39
2019-09-20 11:31 +00:00:       /*
2019-09-20 11:31 +00:00:       ^^
2019-09-20 11:31 +00:00: 
2019-09-20 11:31 +00:00: SyntaxError: Invalid or unexpected token
2019-09-20 11:31 +00:00:     at Module._compile (internal/modules/cjs/loader.js:723:23)
2019-09-20 11:31 +00:00:     at Object.Module._extensions..js (internal/modules/cjs/loader.js:789:10)
2019-09-20 11:31 +00:00:     at Module.load (internal/modules/cjs/loader.js:653:32)
2019-09-20 11:31 +00:00:     at tryModuleLoad (internal/modules/cjs/loader.js:593:12)
2019-09-20 11:31 +00:00:     at Function.Module._load (internal/modules/cjs/loader.js:585:3)
2019-09-20 11:31 +00:00:     at Module.require (internal/modules/cjs/loader.js:692:17)
2019-09-20 11:31 +00:00:     at Module.Hook._require.Module.require (/home/ubuntu/.nvm/versions/node/v10.16.3/lib/node_modules/pm2/node_modules/require-in-the-middle/index.js:70:39)
2019-09-20 11:31 +00:00:     at require (internal/modules/cjs/helpers.js:25:18)
2019-09-20 11:31 +00:00:     at Object.<anonymous> (/var/www/html/benefitAPI/services/v1/user.order.service.js:4:21)
2019-09-20 11:31 +00:00:     at Module._compile (internal/modules/cjs/loader.js:778:30)
2019-09-20 11:31 +00:00:     at Object.Module._extensions..js (internal/modules/cjs/loader.js:789:10)
2019-09-20 11:31 +00:00:     at Module.load (internal/modules/cjs/loader.js:653:32)
2019-09-20 11:31 +00:00:     at tryModuleLoad (internal/modules/cjs/loader.js:593:12)
2019-09-20 11:31 +00:00:     at Function.Module._load (internal/modules/cjs/loader.js:585:3)
2019-09-20 11:31 +00:00:     at Module.require (internal/modules/cjs/loader.js:692:17)
2019-09-20 11:31 +00:00:     at Module.Hook._require.Module.require (/home/ubuntu/.nvm/versions/node/v10.16.3/lib/node_modules/pm2/node_modules/require-in-the-middle/index.js:70:39)
2019-09-20 11:31 +00:00:     at require (internal/modules/cjs/helpers.js:25:18)
2019-09-20 11:31 +00:00:     at Object.<anonymous> (/var/www/html/benefitAPI/routes/controllers/user.order.controller.js:1:26)
2019-09-20 11:31 +00:00:     at Module._compile (internal/modules/cjs/loader.js:778:30)
2019-09-20 11:31 +00:00:     at Object.Module._extensions..js (internal/modules/cjs/loader.js:789:10)
2019-09-20 11:31 +00:00:     at Module.load (internal/modules/cjs/loader.js:653:32)
2019-09-20 11:31 +00:00:     at tryModuleLoad (internal/modules/cjs/loader.js:593:12)
2019-09-20 11:31 +00:00: /var/www/html/benefitAPI/services/v1/coins.service.js:39
2019-09-20 11:31 +00:00:       /*
2019-09-20 11:31 +00:00:       ^^
2019-09-20 11:31 +00:00: 
2019-09-20 11:31 +00:00: SyntaxError: Invalid or unexpected token
2019-09-20 11:31 +00:00:     at Module._compile (internal/modules/cjs/loader.js:723:23)
2019-09-20 11:31 +00:00:     at Object.Module._extensions..js (internal/modules/cjs/loader.js:789:10)
2019-09-20 11:31 +00:00:     at Module.load (internal/modules/cjs/loader.js:653:32)
2019-09-20 11:31 +00:00:     at tryModuleLoad (internal/modules/cjs/loader.js:593:12)
2019-09-20 11:31 +00:00:     at Function.Module._load (internal/modules/cjs/loader.js:585:3)
2019-09-20 11:31 +00:00:     at Module.require (internal/modules/cjs/loader.js:692:17)
2019-09-20 11:31 +00:00:     at Module.Hook._require.Module.require (/home/ubuntu/.nvm/versions/node/v10.16.3/lib/node_modules/pm2/node_modules/require-in-the-middle/index.js:70:39)
2019-09-20 11:31 +00:00:     at require (internal/modules/cjs/helpers.js:25:18)
2019-09-20 11:31 +00:00:     at Object.<anonymous> (/var/www/html/benefitAPI/services/v1/user.order.service.js:4:21)
2019-09-20 11:31 +00:00:     at Module._compile (internal/modules/cjs/loader.js:778:30)
2019-09-20 11:31 +00:00:     at Object.Module._extensions..js (internal/modules/cjs/loader.js:789:10)
2019-09-20 11:31 +00:00:     at Module.load (internal/modules/cjs/loader.js:653:32)
2019-09-20 11:31 +00:00:     at tryModuleLoad (internal/modules/cjs/loader.js:593:12)
2019-09-20 11:31 +00:00:     at Function.Module._load (internal/modules/cjs/loader.js:585:3)
2019-09-20 11:31 +00:00:     at Module.require (internal/modules/cjs/loader.js:692:17)
2019-09-20 11:31 +00:00:     at Module.Hook._require.Module.require (/home/ubuntu/.nvm/versions/node/v10.16.3/lib/node_modules/pm2/node_modules/require-in-the-middle/index.js:70:39)
2019-09-20 11:31 +00:00:     at require (internal/modules/cjs/helpers.js:25:18)
2019-09-20 11:31 +00:00:     at Object.<anonymous> (/var/www/html/benefitAPI/routes/controllers/user.order.controller.js:1:26)
2019-09-20 11:31 +00:00:     at Module._compile (internal/modules/cjs/loader.js:778:30)
2019-09-20 11:31 +00:00:     at Object.Module._extensions..js (internal/modules/cjs/loader.js:789:10)
2019-09-20 11:31 +00:00:     at Module.load (internal/modules/cjs/loader.js:653:32)
2019-09-20 11:31 +00:00:     at tryModuleLoad (internal/modules/cjs/loader.js:593:12)
2019-09-20 11:31 +00:00: /var/www/html/benefitAPI/services/v1/coins.service.js:39
2019-09-20 11:31 +00:00:       /*
2019-09-20 11:31 +00:00:       ^^
2019-09-20 11:31 +00:00: 
2019-09-20 11:31 +00:00: SyntaxError: Invalid or unexpected token
2019-09-20 11:31 +00:00:     at Module._compile (internal/modules/cjs/loader.js:723:23)
2019-09-20 11:31 +00:00:     at Object.Module._extensions..js (internal/modules/cjs/loader.js:789:10)
2019-09-20 11:31 +00:00:     at Module.load (internal/modules/cjs/loader.js:653:32)
2019-09-20 11:31 +00:00:     at tryModuleLoad (internal/modules/cjs/loader.js:593:12)
2019-09-20 11:31 +00:00:     at Function.Module._load (internal/modules/cjs/loader.js:585:3)
2019-09-20 11:31 +00:00:     at Module.require (internal/modules/cjs/loader.js:692:17)
2019-09-20 11:31 +00:00:     at Module.Hook._require.Module.require (/home/ubuntu/.nvm/versions/node/v10.16.3/lib/node_modules/pm2/node_modules/require-in-the-middle/index.js:70:39)
2019-09-20 11:31 +00:00:     at require (internal/modules/cjs/helpers.js:25:18)
2019-09-20 11:31 +00:00:     at Object.<anonymous> (/var/www/html/benefitAPI/services/v1/user.order.service.js:4:21)
2019-09-20 11:31 +00:00:     at Module._compile (internal/modules/cjs/loader.js:778:30)
2019-09-20 11:31 +00:00:     at Object.Module._extensions..js (internal/modules/cjs/loader.js:789:10)
2019-09-20 11:31 +00:00:     at Module.load (internal/modules/cjs/loader.js:653:32)
2019-09-20 11:31 +00:00:     at tryModuleLoad (internal/modules/cjs/loader.js:593:12)
2019-09-20 11:31 +00:00:     at Function.Module._load (internal/modules/cjs/loader.js:585:3)
2019-09-20 11:31 +00:00:     at Module.require (internal/modules/cjs/loader.js:692:17)
2019-09-20 11:31 +00:00:     at Module.Hook._require.Module.require (/home/ubuntu/.nvm/versions/node/v10.16.3/lib/node_modules/pm2/node_modules/require-in-the-middle/index.js:70:39)
2019-09-20 11:31 +00:00:     at require (internal/modules/cjs/helpers.js:25:18)
2019-09-20 11:31 +00:00:     at Object.<anonymous> (/var/www/html/benefitAPI/routes/controllers/user.order.controller.js:1:26)
2019-09-20 11:31 +00:00:     at Module._compile (internal/modules/cjs/loader.js:778:30)
2019-09-20 11:31 +00:00:     at Object.Module._extensions..js (internal/modules/cjs/loader.js:789:10)
2019-09-20 11:31 +00:00:     at Module.load (internal/modules/cjs/loader.js:653:32)
2019-09-20 11:31 +00:00:     at tryModuleLoad (internal/modules/cjs/loader.js:593:12)
2019-09-20 11:31 +00:00: /var/www/html/benefitAPI/services/v1/coins.service.js:39
2019-09-20 11:31 +00:00:       /*
2019-09-20 11:31 +00:00:       ^^
2019-09-20 11:31 +00:00: 
2019-09-20 11:31 +00:00: SyntaxError: Invalid or unexpected token
2019-09-20 11:31 +00:00:     at Module._compile (internal/modules/cjs/loader.js:723:23)
2019-09-20 11:31 +00:00:     at Object.Module._extensions..js (internal/modules/cjs/loader.js:789:10)
2019-09-20 11:31 +00:00:     at Module.load (internal/modules/cjs/loader.js:653:32)
2019-09-20 11:31 +00:00:     at tryModuleLoad (internal/modules/cjs/loader.js:593:12)
2019-09-20 11:31 +00:00:     at Function.Module._load (internal/modules/cjs/loader.js:585:3)
2019-09-20 11:31 +00:00:     at Module.require (internal/modules/cjs/loader.js:692:17)
2019-09-20 11:31 +00:00:     at Module.Hook._require.Module.require (/home/ubuntu/.nvm/versions/node/v10.16.3/lib/node_modules/pm2/node_modules/require-in-the-middle/index.js:70:39)
2019-09-20 11:31 +00:00:     at require (internal/modules/cjs/helpers.js:25:18)
2019-09-20 11:31 +00:00:     at Object.<anonymous> (/var/www/html/benefitAPI/services/v1/user.order.service.js:4:21)
2019-09-20 11:31 +00:00:     at Module._compile (internal/modules/cjs/loader.js:778:30)
2019-09-20 11:31 +00:00:     at Object.Module._extensions..js (internal/modules/cjs/loader.js:789:10)
2019-09-20 11:31 +00:00:     at Module.load (internal/modules/cjs/loader.js:653:32)
2019-09-20 11:31 +00:00:     at tryModuleLoad (internal/modules/cjs/loader.js:593:12)
2019-09-20 11:31 +00:00:     at Function.Module._load (internal/modules/cjs/loader.js:585:3)
2019-09-20 11:31 +00:00:     at Module.require (internal/modules/cjs/loader.js:692:17)
2019-09-20 11:31 +00:00:     at Module.Hook._require.Module.require (/home/ubuntu/.nvm/versions/node/v10.16.3/lib/node_modules/pm2/node_modules/require-in-the-middle/index.js:70:39)
2019-09-20 11:31 +00:00:     at require (internal/modules/cjs/helpers.js:25:18)
2019-09-20 11:31 +00:00:     at Object.<anonymous> (/var/www/html/benefitAPI/routes/controllers/user.order.controller.js:1:26)
2019-09-20 11:31 +00:00:     at Module._compile (internal/modules/cjs/loader.js:778:30)
2019-09-20 11:31 +00:00:     at Object.Module._extensions..js (internal/modules/cjs/loader.js:789:10)
2019-09-20 11:31 +00:00:     at Module.load (internal/modules/cjs/loader.js:653:32)
2019-09-20 11:31 +00:00:     at tryModuleLoad (internal/modules/cjs/loader.js:593:12)
2019-09-20 11:31 +00:00: /var/www/html/benefitAPI/services/v1/coins.service.js:39
2019-09-20 11:31 +00:00:       /*
2019-09-20 11:31 +00:00:       ^^
2019-09-20 11:31 +00:00: 
2019-09-20 11:31 +00:00: SyntaxError: Invalid or unexpected token
2019-09-20 11:31 +00:00:     at Module._compile (internal/modules/cjs/loader.js:723:23)
2019-09-20 11:31 +00:00:     at Object.Module._extensions..js (internal/modules/cjs/loader.js:789:10)
2019-09-20 11:31 +00:00:     at Module.load (internal/modules/cjs/loader.js:653:32)
2019-09-20 11:31 +00:00:     at tryModuleLoad (internal/modules/cjs/loader.js:593:12)
2019-09-20 11:31 +00:00:     at Function.Module._load (internal/modules/cjs/loader.js:585:3)
2019-09-20 11:31 +00:00:     at Module.require (internal/modules/cjs/loader.js:692:17)
2019-09-20 11:31 +00:00:     at Module.Hook._require.Module.require (/home/ubuntu/.nvm/versions/node/v10.16.3/lib/node_modules/pm2/node_modules/require-in-the-middle/index.js:70:39)
2019-09-20 11:31 +00:00:     at require (internal/modules/cjs/helpers.js:25:18)
2019-09-20 11:31 +00:00:     at Object.<anonymous> (/var/www/html/benefitAPI/services/v1/user.order.service.js:4:21)
2019-09-20 11:31 +00:00:     at Module._compile (internal/modules/cjs/loader.js:778:30)
2019-09-20 11:31 +00:00:     at Object.Module._extensions..js (internal/modules/cjs/loader.js:789:10)
2019-09-20 11:31 +00:00:     at Module.load (internal/modules/cjs/loader.js:653:32)
2019-09-20 11:31 +00:00:     at tryModuleLoad (internal/modules/cjs/loader.js:593:12)
2019-09-20 11:31 +00:00:     at Function.Module._load (internal/modules/cjs/loader.js:585:3)
2019-09-20 11:31 +00:00:     at Module.require (internal/modules/cjs/loader.js:692:17)
2019-09-20 11:31 +00:00:     at Module.Hook._require.Module.require (/home/ubuntu/.nvm/versions/node/v10.16.3/lib/node_modules/pm2/node_modules/require-in-the-middle/index.js:70:39)
2019-09-20 11:31 +00:00:     at require (internal/modules/cjs/helpers.js:25:18)
2019-09-20 11:31 +00:00:     at Object.<anonymous> (/var/www/html/benefitAPI/routes/controllers/user.order.controller.js:1:26)
2019-09-20 11:31 +00:00:     at Module._compile (internal/modules/cjs/loader.js:778:30)
2019-09-20 11:31 +00:00:     at Object.Module._extensions..js (internal/modules/cjs/loader.js:789:10)
2019-09-20 11:31 +00:00:     at Module.load (internal/modules/cjs/loader.js:653:32)
2019-09-20 11:31 +00:00:     at tryModuleLoad (internal/modules/cjs/loader.js:593:12)
2019-09-20 11:31 +00:00: /var/www/html/benefitAPI/services/v1/coins.service.js:39
2019-09-20 11:31 +00:00:       /*
2019-09-20 11:31 +00:00:       ^^
2019-09-20 11:31 +00:00: 
2019-09-20 11:31 +00:00: SyntaxError: Invalid or unexpected token
2019-09-20 11:31 +00:00:     at Module._compile (internal/modules/cjs/loader.js:723:23)
2019-09-20 11:31 +00:00:     at Object.Module._extensions..js (internal/modules/cjs/loader.js:789:10)
2019-09-20 11:31 +00:00:     at Module.load (internal/modules/cjs/loader.js:653:32)
2019-09-20 11:31 +00:00:     at tryModuleLoad (internal/modules/cjs/loader.js:593:12)
2019-09-20 11:31 +00:00:     at Function.Module._load (internal/modules/cjs/loader.js:585:3)
2019-09-20 11:31 +00:00:     at Module.require (internal/modules/cjs/loader.js:692:17)
2019-09-20 11:31 +00:00:     at Module.Hook._require.Module.require (/home/ubuntu/.nvm/versions/node/v10.16.3/lib/node_modules/pm2/node_modules/require-in-the-middle/index.js:70:39)
2019-09-20 11:31 +00:00:     at require (internal/modules/cjs/helpers.js:25:18)
2019-09-20 11:31 +00:00:     at Object.<anonymous> (/var/www/html/benefitAPI/services/v1/user.order.service.js:4:21)
2019-09-20 11:31 +00:00:     at Module._compile (internal/modules/cjs/loader.js:778:30)
2019-09-20 11:31 +00:00:     at Object.Module._extensions..js (internal/modules/cjs/loader.js:789:10)
2019-09-20 11:31 +00:00:     at Module.load (internal/modules/cjs/loader.js:653:32)
2019-09-20 11:31 +00:00:     at tryModuleLoad (internal/modules/cjs/loader.js:593:12)
2019-09-20 11:31 +00:00:     at Function.Module._load (internal/modules/cjs/loader.js:585:3)
2019-09-20 11:31 +00:00:     at Module.require (internal/modules/cjs/loader.js:692:17)
2019-09-20 11:31 +00:00:     at Module.Hook._require.Module.require (/home/ubuntu/.nvm/versions/node/v10.16.3/lib/node_modules/pm2/node_modules/require-in-the-middle/index.js:70:39)
2019-09-20 11:31 +00:00:     at require (internal/modules/cjs/helpers.js:25:18)
2019-09-20 11:31 +00:00:     at Object.<anonymous> (/var/www/html/benefitAPI/routes/controllers/user.order.controller.js:1:26)
2019-09-20 11:31 +00:00:     at Module._compile (internal/modules/cjs/loader.js:778:30)
2019-09-20 11:31 +00:00:     at Object.Module._extensions..js (internal/modules/cjs/loader.js:789:10)
2019-09-20 11:31 +00:00:     at Module.load (internal/modules/cjs/loader.js:653:32)
2019-09-20 11:31 +00:00:     at tryModuleLoad (internal/modules/cjs/loader.js:593:12)
2019-09-20 11:31 +00:00: /var/www/html/benefitAPI/services/v1/coins.service.js:39
2019-09-20 11:31 +00:00:       /*
2019-09-20 11:31 +00:00:       ^^
2019-09-20 11:31 +00:00: 
2019-09-20 11:31 +00:00: SyntaxError: Invalid or unexpected token
2019-09-20 11:31 +00:00:     at Module._compile (internal/modules/cjs/loader.js:723:23)
2019-09-20 11:31 +00:00:     at Object.Module._extensions..js (internal/modules/cjs/loader.js:789:10)
2019-09-20 11:31 +00:00:     at Module.load (internal/modules/cjs/loader.js:653:32)
2019-09-20 11:31 +00:00:     at tryModuleLoad (internal/modules/cjs/loader.js:593:12)
2019-09-20 11:31 +00:00:     at Function.Module._load (internal/modules/cjs/loader.js:585:3)
2019-09-20 11:31 +00:00:     at Module.require (internal/modules/cjs/loader.js:692:17)
2019-09-20 11:31 +00:00:     at Module.Hook._require.Module.require (/home/ubuntu/.nvm/versions/node/v10.16.3/lib/node_modules/pm2/node_modules/require-in-the-middle/index.js:70:39)
2019-09-20 11:31 +00:00:     at require (internal/modules/cjs/helpers.js:25:18)
2019-09-20 11:31 +00:00:     at Object.<anonymous> (/var/www/html/benefitAPI/services/v1/user.order.service.js:4:21)
2019-09-20 11:31 +00:00:     at Module._compile (internal/modules/cjs/loader.js:778:30)
2019-09-20 11:31 +00:00:     at Object.Module._extensions..js (internal/modules/cjs/loader.js:789:10)
2019-09-20 11:31 +00:00:     at Module.load (internal/modules/cjs/loader.js:653:32)
2019-09-20 11:31 +00:00:     at tryModuleLoad (internal/modules/cjs/loader.js:593:12)
2019-09-20 11:31 +00:00:     at Function.Module._load (internal/modules/cjs/loader.js:585:3)
2019-09-20 11:31 +00:00:     at Module.require (internal/modules/cjs/loader.js:692:17)
2019-09-20 11:31 +00:00:     at Module.Hook._require.Module.require (/home/ubuntu/.nvm/versions/node/v10.16.3/lib/node_modules/pm2/node_modules/require-in-the-middle/index.js:70:39)
2019-09-20 11:31 +00:00:     at require (internal/modules/cjs/helpers.js:25:18)
2019-09-20 11:31 +00:00:     at Object.<anonymous> (/var/www/html/benefitAPI/routes/controllers/user.order.controller.js:1:26)
2019-09-20 11:31 +00:00:     at Module._compile (internal/modules/cjs/loader.js:778:30)
2019-09-20 11:31 +00:00:     at Object.Module._extensions..js (internal/modules/cjs/loader.js:789:10)
2019-09-20 11:31 +00:00:     at Module.load (internal/modules/cjs/loader.js:653:32)
2019-09-20 11:31 +00:00:     at tryModuleLoad (internal/modules/cjs/loader.js:593:12)
2019-09-20 11:31 +00:00: /var/www/html/benefitAPI/services/v1/coins.service.js:39
2019-09-20 11:31 +00:00:       /*
2019-09-20 11:31 +00:00:       ^^
2019-09-20 11:31 +00:00: 
2019-09-20 11:31 +00:00: SyntaxError: Invalid or unexpected token
2019-09-20 11:31 +00:00:     at Module._compile (internal/modules/cjs/loader.js:723:23)
2019-09-20 11:31 +00:00:     at Object.Module._extensions..js (internal/modules/cjs/loader.js:789:10)
2019-09-20 11:31 +00:00:     at Module.load (internal/modules/cjs/loader.js:653:32)
2019-09-20 11:31 +00:00:     at tryModuleLoad (internal/modules/cjs/loader.js:593:12)
2019-09-20 11:31 +00:00:     at Function.Module._load (internal/modules/cjs/loader.js:585:3)
2019-09-20 11:31 +00:00:     at Module.require (internal/modules/cjs/loader.js:692:17)
2019-09-20 11:31 +00:00:     at Module.Hook._require.Module.require (/home/ubuntu/.nvm/versions/node/v10.16.3/lib/node_modules/pm2/node_modules/require-in-the-middle/index.js:70:39)
2019-09-20 11:31 +00:00:     at require (internal/modules/cjs/helpers.js:25:18)
2019-09-20 11:31 +00:00:     at Object.<anonymous> (/var/www/html/benefitAPI/services/v1/user.order.service.js:4:21)
2019-09-20 11:31 +00:00:     at Module._compile (internal/modules/cjs/loader.js:778:30)
2019-09-20 11:31 +00:00:     at Object.Module._extensions..js (internal/modules/cjs/loader.js:789:10)
2019-09-20 11:31 +00:00:     at Module.load (internal/modules/cjs/loader.js:653:32)
2019-09-20 11:31 +00:00:     at tryModuleLoad (internal/modules/cjs/loader.js:593:12)
2019-09-20 11:31 +00:00:     at Function.Module._load (internal/modules/cjs/loader.js:585:3)
2019-09-20 11:31 +00:00:     at Module.require (internal/modules/cjs/loader.js:692:17)
2019-09-20 11:31 +00:00:     at Module.Hook._require.Module.require (/home/ubuntu/.nvm/versions/node/v10.16.3/lib/node_modules/pm2/node_modules/require-in-the-middle/index.js:70:39)
2019-09-20 11:31 +00:00:     at require (internal/modules/cjs/helpers.js:25:18)
2019-09-20 11:31 +00:00:     at Object.<anonymous> (/var/www/html/benefitAPI/routes/controllers/user.order.controller.js:1:26)
2019-09-20 11:31 +00:00:     at Module._compile (internal/modules/cjs/loader.js:778:30)
2019-09-20 11:31 +00:00:     at Object.Module._extensions..js (internal/modules/cjs/loader.js:789:10)
2019-09-20 11:31 +00:00:     at Module.load (internal/modules/cjs/loader.js:653:32)
2019-09-20 11:31 +00:00:     at tryModuleLoad (internal/modules/cjs/loader.js:593:12)
2019-09-30 09:54 +00:00: TypeError: reply.send is not a function
2019-09-30 09:54 +00:00:     at Object.exports.sendSuccessResponse (/var/www/html/benefitAPI/utils/util.js:35:11)
2019-09-30 09:54 +00:00:     at Object.register (/var/www/html/benefitAPI/routes/controllers/auth.controller.js:78:19)
2019-09-30 09:54 +00:00:     at preHandlerCallback (/var/www/html/benefitAPI/node_modules/fastify/lib/handleRequest.js:112:30)
2019-09-30 09:54 +00:00:     at preValidationCallback (/var/www/html/benefitAPI/node_modules/fastify/lib/handleRequest.js:101:5)
2019-09-30 09:54 +00:00:     at handler (/var/www/html/benefitAPI/node_modules/fastify/lib/handleRequest.js:70:5)
2019-09-30 09:54 +00:00:     at done (/var/www/html/benefitAPI/node_modules/fastify/lib/contentTypeParser.js:115:7)
2019-09-30 09:54 +00:00:     at Parser.defaultJsonParser [as fn] (/var/www/html/benefitAPI/node_modules/fastify/lib/contentTypeParser.js:206:5)
2019-09-30 09:54 +00:00:     at IncomingMessage.onEnd (/var/www/html/benefitAPI/node_modules/fastify/lib/contentTypeParser.js:185:25)
2019-09-30 09:54 +00:00:     at IncomingMessage.emit (events.js:203:15)
2019-09-30 09:54 +00:00:     at endReadableNT (_stream_readable.js:1145:12)
2019-09-30 09:54 +00:00:     at process._tickCallback (internal/process/next_tick.js:63:19)
2019-09-30 09:56 +00:00: TypeError: Converting circular structure to JSON
2019-09-30 09:56 +00:00:     at JSON.stringify (<anonymous>)
2019-09-30 09:56 +00:00:     at serialize (/var/www/html/benefitAPI/node_modules/fastify/lib/validation.js:109:17)
2019-09-30 09:56 +00:00:     at preserializeHookEnd (/var/www/html/benefitAPI/node_modules/fastify/lib/reply.js:245:13)
2019-09-30 09:56 +00:00:     at preserializeHook (/var/www/html/benefitAPI/node_modules/fastify/lib/reply.js:235:5)
2019-09-30 09:56 +00:00:     at _Reply.Reply.send (/var/www/html/benefitAPI/node_modules/fastify/lib/reply.js:134:5)
2019-09-30 09:56 +00:00:     at Object.exports.sendSuccessResponse (/var/www/html/benefitAPI/utils/util.js:35:11)
2019-09-30 09:56 +00:00:     at Object.register (/var/www/html/benefitAPI/routes/controllers/auth.controller.js:78:19)
2019-09-30 09:56 +00:00:     at preHandlerCallback (/var/www/html/benefitAPI/node_modules/fastify/lib/handleRequest.js:112:30)
2019-09-30 09:56 +00:00:     at preValidationCallback (/var/www/html/benefitAPI/node_modules/fastify/lib/handleRequest.js:101:5)
2019-09-30 09:56 +00:00:     at handler (/var/www/html/benefitAPI/node_modules/fastify/lib/handleRequest.js:70:5)
2019-09-30 09:56 +00:00:     at done (/var/www/html/benefitAPI/node_modules/fastify/lib/contentTypeParser.js:115:7)
2019-09-30 09:56 +00:00:     at Parser.defaultJsonParser [as fn] (/var/www/html/benefitAPI/node_modules/fastify/lib/contentTypeParser.js:206:5)
2019-09-30 09:56 +00:00:     at IncomingMessage.onEnd (/var/www/html/benefitAPI/node_modules/fastify/lib/contentTypeParser.js:185:25)
2019-09-30 09:56 +00:00:     at IncomingMessage.emit (events.js:203:15)
2019-09-30 09:56 +00:00:     at endReadableNT (_stream_readable.js:1145:12)
2019-09-30 09:56 +00:00:     at process._tickCallback (internal/process/next_tick.js:63:19)
2019-09-30 09:56 +00:00: TypeError: Converting circular structure to JSON
2019-09-30 09:56 +00:00:     at JSON.stringify (<anonymous>)
2019-09-30 09:56 +00:00:     at serialize (/var/www/html/benefitAPI/node_modules/fastify/lib/validation.js:109:17)
2019-09-30 09:56 +00:00:     at preserializeHookEnd (/var/www/html/benefitAPI/node_modules/fastify/lib/reply.js:245:13)
2019-09-30 09:56 +00:00:     at preserializeHook (/var/www/html/benefitAPI/node_modules/fastify/lib/reply.js:235:5)
2019-09-30 09:56 +00:00:     at _Reply.Reply.send (/var/www/html/benefitAPI/node_modules/fastify/lib/reply.js:134:5)
2019-09-30 09:56 +00:00:     at Object.exports.sendSuccessResponse (/var/www/html/benefitAPI/utils/util.js:35:11)
2019-09-30 09:56 +00:00:     at Object.register (/var/www/html/benefitAPI/routes/controllers/auth.controller.js:78:19)
2019-09-30 09:56 +00:00:     at preHandlerCallback (/var/www/html/benefitAPI/node_modules/fastify/lib/handleRequest.js:112:30)
2019-09-30 09:56 +00:00:     at preValidationCallback (/var/www/html/benefitAPI/node_modules/fastify/lib/handleRequest.js:101:5)
2019-09-30 09:56 +00:00:     at handler (/var/www/html/benefitAPI/node_modules/fastify/lib/handleRequest.js:70:5)
2019-09-30 09:56 +00:00:     at done (/var/www/html/benefitAPI/node_modules/fastify/lib/contentTypeParser.js:115:7)
2019-09-30 09:56 +00:00:     at Parser.defaultJsonParser [as fn] (/var/www/html/benefitAPI/node_modules/fastify/lib/contentTypeParser.js:206:5)
2019-09-30 09:56 +00:00:     at IncomingMessage.onEnd (/var/www/html/benefitAPI/node_modules/fastify/lib/contentTypeParser.js:185:25)
2019-09-30 09:56 +00:00:     at IncomingMessage.emit (events.js:203:15)
2019-09-30 09:56 +00:00:     at endReadableNT (_stream_readable.js:1145:12)
2019-09-30 09:56 +00:00:     at process._tickCallback (internal/process/next_tick.js:63:19)
